<?xml version="1.0" encoding="UTF-8"?>
<!-- Generated by org.testng.reporters.JUnitReportReporter -->
<testsuite hostname="ILAKKIYA" failures="0" tests="1" name="com.resttassured.Cookies" time="3.450" errors="0" timestamp="2023-08-24T10:33:07 IST" skipped="0">
  <testcase classname="com.resttassured.Cookies" name="getsingleCookies" time="3.450"/>
</testsuite> <!-- com.resttassured.Cookies -->
